######################################################################
#
# EE-577b 2020 FALL
# : DesignCompiler synthesis script
#   modified by Linyi Hong
#
# use this script as a template for synthesizing combinational logic
#
######################################################################
# Setting variable for design_name. (top module name)
set design_name $env(DESIGN_NAME);
divider
## For NCSUFreePDK45nm library
set search_path [ list .                   /home/scf-22/ee577/NCSU45PDK/FreePDK45/osu_soc/lib/files ]
. /home/scf-22/ee577/NCSU45PDK/FreePDK45/osu_soc/lib/files
set target_library { gscl45nm.db }
 gscl45nm.db 
set synthetic_library [list dw_foundation.sldb standard.sldb ]
dw_foundation.sldb standard.sldb
set link_library [list * gscl45nm.db dw_foundation.sldb standard.sldb]
* gscl45nm.db dw_foundation.sldb standard.sldb
# Reading source verilog file.
# copy your verilog file into ./src/ before synthesis.
read_verilog ./src/${design_name}.v ;
Loading db file '/home/scf-22/ee577/NCSU45PDK/FreePDK45/osu_soc/lib/files/gscl45nm.db'
Loading db file '/usr/local/synopsys/Design_Compiler/default/libraries/syn/dw_foundation.sldb'
Loading db file '/usr/local/synopsys/Design_Compiler/default/libraries/syn/standard.sldb'
Loading db file '/usr/local/synopsys/Design_Compiler/default/libraries/syn/gtech.db'
  Loading link library 'gscl45nm'
  Loading link library 'gtech'
Loading verilog file '/home/viterbi/01/kyletsen/EE577b/Project/hw4/p2/src/divider.v'
Detecting input file type automatically (-rtl or -netlist).
Reading with Presto HDL Compiler (equivalent to -rtl option).
Running PRESTO HDLC
Compiling source file /home/viterbi/01/kyletsen/EE577b/Project/hw4/p2/src/divider.v
Warning:  /home/viterbi/01/kyletsen/EE577b/Project/hw4/p2/src/divider.v:30: A unnamed generate block with an LRM-defined name 'genblk1' is detected, which is incompatible with Verilog standard 2001 or 1995. (VER-944)
Warning:  /home/viterbi/01/kyletsen/EE577b/Project/hw4/p2/src/divider.v:45: A unnamed generate block with an LRM-defined name 'genblk2' is detected, which is incompatible with Verilog standard 2001 or 1995. (VER-944)
Warning:  /home/viterbi/01/kyletsen/EE577b/Project/hw4/p2/src/divider.v:60: A unnamed generate block with an LRM-defined name 'genblk3' is detected, which is incompatible with Verilog standard 2001 or 1995. (VER-944)

Statistics for case statements in always block at line 92 in file
        '/home/viterbi/01/kyletsen/EE577b/Project/hw4/p2/src/divider.v'
===============================================
|           Line           |  full/ parallel  |
===============================================
|            93            |    auto/auto     |
===============================================
Presto compilation completed successfully.
Current design is now '/home/viterbi/01/kyletsen/EE577b/Project/hw4/p2/src/divider.db:divider'
Loaded 1 design.
Current design is 'divider'.
divider
# Setting $design_name as current working design.
# Use this command before setting any constraints.
current_design $design_name ;
Current design is 'divider'.
{divider}
# If you have multiple instances of the same module,
# use this so that DesignCompiler optimizes each instance separately.
uniquify ;
1
# Linking your design into the cells in standard cell libraries.
# This command checks whether your design can be compiled
link ;

  Linking design 'divider'
  Using the following designs and libraries:
  --------------------------------------------------------------------------
  divider                     /home/viterbi/01/kyletsen/EE577b/Project/hw4/p2/src/divider.db
  gscl45nm (library)          /home/scf-22/ee577/NCSU45PDK/FreePDK45/osu_soc/lib/files/gscl45nm.db
  dw_foundation.sldb (library) /usr/local/synopsys/Design_Compiler/default/libraries/syn/dw_foundation.sldb

1
# Create a clock with period of 5.
create_clock -name clk -period 20.0 -waveform [list 0 10.0] [get_ports clk]
1
# Setting timing constraints for combinational logic.
# Specifying maximum delay from inputs to outputs
set_max_delay 5.0 -to [all_outputs];
1
set_max_delay 5.0 -from [all_inputs];
1
# "check_design" checks the internal representation of the
# current design for consistency and issues error and
# warning messages as appropriate.
check_design > report/$design_name.check_design ;
# Perforing synthesis and optimization on the current_design.
compile ;
Information: Checking out the license 'DesignWare'. (SEC-104)
Information: Evaluating DesignWare library utilization. (UISN-27)

============================================================================
| DesignWare Building Block Library  |         Version         | Available |
============================================================================
| Basic DW Building Blocks           | K-2015.06-DWBB_201506.5.2
                                                               |     *     |
| Licensed DW Building Blocks        | K-2015.06-DWBB_201506.5.2
                                                               |     *     |
============================================================================


Information: There are 11 potential problems in your design. Please run 'check_design' for more information. (LINT-99)



  Beginning Pass 1 Mapping
  ------------------------
  Processing 'divider'
Error: Cannot find a valid implementation for module 'DW_div_seq'. (SYNH-14)
  Error processing design 'divider'.
Error: Compile has abnormally terminated.  (OPT-100)
