/usr/local/synopsys/Design_Compiler/default/auxx/gui/dv/dv_setup.tcl
/usr/local/synopsys/Design_Compiler/default/auxx/gui/syn/snpsSynProcs.tcl
/usr/local/synopsys/Design_Compiler/default/auxx/tcllib/lib/tcl8.5/tm.tcl
/usr/local/synopsys/Design_Compiler/default/auxx/tcllib/lib/tcl8.5/package.tcl
/usr/local/synopsys/Design_Compiler/default/auxx/gui/syn/layout/pkgIndex.tcl
/usr/local/synopsys/Design_Compiler/default/auxx/gui/common/hierarchy/pkgIndex.tcl
/usr/local/synopsys/Design_Compiler/default/auxx/gui/common/setup/pkgIndex.tcl
/usr/local/synopsys/Design_Compiler/default/auxx/gui/common/dialogs/pkgIndex.tcl
/usr/local/synopsys/Design_Compiler/default/auxx/gui/common/tcl-dp/pkgIndex.tcl
/usr/local/synopsys/Design_Compiler/default/auxx/gui/common/misc/pkgIndex.tcl
/usr/local/synopsys/Design_Compiler/default/auxx/gui/common/schematic/pkgIndex.tcl
/usr/local/synopsys/Design_Compiler/default/auxx/gui/common/WindowFrameWork/pkgIndex.tcl
/usr/local/synopsys/Design_Compiler/default/auxx/gui/common/commandform/pkgIndex.tcl
/usr/local/synopsys/Design_Compiler/default/auxx/gui/common/view/pkgIndex.tcl
/usr/local/synopsys/Design_Compiler/default/auxx/gui/common/menus/pkgIndex.tcl
/usr/local/synopsys/Design_Compiler/default/auxx/gui/common/libviewer/pkgIndex.tcl
/usr/local/synopsys/Design_Compiler/default/auxx/gui/common/strokes/pkgIndex.tcl
/usr/local/synopsys/Design_Compiler/default/auxx/gui/common/acg/pkgIndex.tcl
/usr/local/synopsys/Design_Compiler/default/auxx/gui/common/timing/pkgIndex.tcl
/usr/local/synopsys/Design_Compiler/default/auxx/gui/common/opdlg/pkgIndex.tcl
/usr/local/synopsys/Design_Compiler/default/auxx/gui/common/table/pkgIndex.tcl
/usr/local/synopsys/Design_Compiler/default/auxx/gui/common/fanoutviewer/pkgIndex.tcl
/usr/local/synopsys/Design_Compiler/default/auxx/gui/common/regressionToolkit/pkgIndex.tcl
/usr/local/synopsys/Design_Compiler/default/auxx/gui/common/pathinspector/pkgIndex.tcl
/usr/local/synopsys/Design_Compiler/default/auxx/gui/common/select/pkgIndex.tcl
/usr/local/synopsys/Design_Compiler/default/auxx/gui/common/layout/pkgIndex.tcl
/usr/local/synopsys/Design_Compiler/default/auxx/gui/common/palettegroup/pkgIndex.tcl
/usr/local/synopsys/Design_Compiler/default/auxx/gui/common/histogram/pkgIndex.tcl
/usr/local/synopsys/Design_Compiler/default/auxx/gui/common/mrupalette/pkgIndex.tcl
/usr/local/synopsys/Design_Compiler/default/auxx/gui/common/tiledview/pkgIndex.tcl
/usr/local/synopsys/Design_Compiler/default/auxx/gui/common/highlight/pkgIndex.tcl
/usr/local/synopsys/Design_Compiler/default/auxx/gui/common/profiler/pkgIndex.tcl
/usr/local/synopsys/Design_Compiler/default/auxx/gui/common/qtcl/pkgIndex.tcl
/usr/local/synopsys/Design_Compiler/default/auxx/gui/common/docBrowser/pkgIndex.tcl
/usr/local/synopsys/Design_Compiler/default/auxx/gui/common/tq/pkgIndex.tcl
/usr/local/synopsys/Design_Compiler/default/auxx/gui/dv/pkgIndex.tcl
/usr/local/synopsys/Design_Compiler/default/auxx/tcllib/snps_tcl/snpsUtils/pkgIndex.tcl
/usr/local/synopsys/Design_Compiler/default/auxx/tcllib/snps_tcl/snpsTest/pkgIndex.tcl
/usr/local/synopsys/Design_Compiler/default/auxx/tcllib/snps_tcl/snpsTclPro/pkgIndex.tcl
/usr/local/synopsys/Design_Compiler/default/auxx/tcllib/snps_tcl/pkgIndex.tcl
/usr/local/synopsys/Design_Compiler/default/auxx/tcllib/lib/tcl8.5/opt/pkgIndex.tcl
/usr/local/synopsys/Design_Compiler/default/auxx/tcllib/lib/tcl8.5/http1.0/pkgIndex.tcl
/usr/local/synopsys/Design_Compiler/default/auxx/tcllib/lib/tcl8.5/msgcat/pkgIndex.tcl
/usr/local/synopsys/Design_Compiler/default/auxx/tcllib/lib/tcl8.5/http/pkgIndex.tcl
/usr/local/synopsys/Design_Compiler/default/auxx/tcllib/lib/tcl8.5/tcltest/pkgIndex.tcl
/usr/local/synopsys/Design_Compiler/default/auxx/tcllib/lib/tcl8.5/platform/pkgIndex.tcl
/usr/local/synopsys/Design_Compiler/default/auxx/tcllib/lib/tcl8.5/dde/pkgIndex.tcl
/usr/local/synopsys/Design_Compiler/default/auxx/tcllib/lib/tcl8.5/reg/pkgIndex.tcl
/usr/local/synopsys/Design_Compiler/default/auxx/gui/common/setup/snpsCommonSetup.tcl
/usr/local/synopsys/Design_Compiler/default/auxx/gui/common/setup/snpsCustomize.tcl
/usr/local/synopsys/Design_Compiler/default/auxx/gui/common/setup/snpsProcheck.tcl
/usr/local/synopsys/Design_Compiler/default/auxx/gui/common/qtcl/.synopsys_qtcl.tcl
/usr/local/synopsys/Design_Compiler/default/auxx/gui/common/highlight/highlight.tcl
/usr/local/synopsys/Design_Compiler/default/auxx/gui/common/misc/base.tcl
/usr/local/synopsys/Design_Compiler/default/auxx/gui/common/misc/timing.tcl
/usr/local/synopsys/Design_Compiler/default/auxx/gui/common/misc/setting.tcl
/usr/local/synopsys/Design_Compiler/default/auxx/gui/common/misc/preset.tcl
/usr/local/synopsys/Design_Compiler/default/auxx/gui/common/WindowFrameWork/windowFrameWork.tcl
/usr/local/synopsys/Design_Compiler/default/auxx/gui/common/WindowFrameWork/skipBusyCursorCmdList.tcl
/usr/local/synopsys/Design_Compiler/default/auxx/gui/common/docBrowser/docBrowser.tcl
/usr/local/synopsys/Design_Compiler/default/auxx/tcllib/snps_tcl/snpsUtils/snpsUtils.tcl
/usr/local/synopsys/Design_Compiler/default/auxx/gui/common/dialogs/ObjectChooser.tcl
/usr/local/synopsys/Design_Compiler/default/auxx/gui/common/misc/DialogObjectChooser.tcl
/usr/local/synopsys/Design_Compiler/default/auxx/gui/common/dialogs/HistBinInformation.tcl
/usr/local/synopsys/Design_Compiler/default/auxx/gui/common/dialogs/HistBin1Information.tcl
/usr/local/synopsys/Design_Compiler/default/auxx/gui/common/dialogs/BinsOnlyInformation.tcl
/usr/local/synopsys/Design_Compiler/default/auxx/gui/common/dialogs/FileChooser.tcl
/usr/local/synopsys/Design_Compiler/default/auxx/gui/common/dialogs/PathPinSimpleInfo.tcl
/usr/local/synopsys/Design_Compiler/default/auxx/gui/common/dialogs/PathsBasicInfo.tcl
/usr/local/synopsys/Design_Compiler/default/auxx/gui/common/dialogs/PathsBasicSimpleInfo.tcl
/usr/local/synopsys/Design_Compiler/default/auxx/gui/common/dialogs/SlctOperationInfo.tcl
/usr/local/synopsys/Design_Compiler/default/auxx/gui/common/dialogs/ObjectListInfo.tcl
/usr/local/synopsys/Design_Compiler/default/auxx/gui/common/dialogs/FanInOutInfo.tcl
/usr/local/synopsys/Design_Compiler/default/auxx/gui/common/dialogs/NumberOfLevelsChooser.tcl
/usr/local/synopsys/Design_Compiler/default/auxx/gui/common/dialogs/WindowReuseInfo.tcl
/usr/local/synopsys/Design_Compiler/default/auxx/gui/common/dialogs/ReportOutputOptionInfo.tcl
/usr/local/synopsys/Design_Compiler/default/auxx/gui/common/setup/snpsCollections.tcl
/usr/local/synopsys/Design_Compiler/default/auxx/gui/common/dialogs/CompileLinkDesign.tcl
/usr/local/synopsys/Design_Compiler/default/auxx/gui/common/histogram/DialogEndpointSlack.tcl
/usr/local/synopsys/Design_Compiler/default/auxx/gui/common/histogram/DialogPathsSlack.tcl
/usr/local/synopsys/Design_Compiler/default/auxx/gui/common/histogram/DialogNetCapacitance.tcl
/usr/local/synopsys/Design_Compiler/default/auxx/gui/common/schematic/DialogPathSchematicFanInOut.tcl
/usr/local/synopsys/Design_Compiler/default/auxx/gui/common/schematic/DialogPathSchematicAddPaths.tcl
/home/viterbi/01/kyletsen/EE577b/Project/cmp/scripts/syn.tcl
/home/scf-22/ee577/NCSU45PDK/FreePDK45/osu_soc/lib/files/gscl45nm.db
/usr/local/synopsys/Design_Compiler/default/libraries/syn/dw_foundation.sldb
/usr/local/synopsys/Design_Compiler/default/libraries/syn/standard.sldb
/usr/local/synopsys/Design_Compiler/default/libraries/syn/gtech.db
/home/viterbi/01/kyletsen/EE577b/Project/cmp/src/cardinal_cmp.v
/home/viterbi/01/kyletsen/EE577b/Project/cmp/src/cardinal_cmp.v
/home/viterbi/01/kyletsen/EE577b/Project/cmp/design/cardinal_processor.v
/home/viterbi/01/kyletsen/EE577b/Project/cmp/design/alu_clk.v
/home/viterbi/01/kyletsen/EE577b/Project/cmp/design/adder_clk.v
/home/viterbi/01/kyletsen/EE577b/Project/cmp/design/adder_byte.v
/home/viterbi/01/kyletsen/EE577b/Project/cmp/design/oe_selector.v
/home/viterbi/01/kyletsen/EE577b/Project/cmp/design/multiplier.v
/home/viterbi/01/kyletsen/EE577b/Project/cmp/design/mult_gen.v
/home/viterbi/01/kyletsen/EE577b/Project/cmp/design/mac_units.v
/home/viterbi/01/kyletsen/EE577b/Project/cmp/design/mac_byte.v
/home/viterbi/01/kyletsen/EE577b/Project/cmp/design/mult_byte.v
/home/viterbi/01/kyletsen/EE577b/Project/cmp/design/fa.v
/home/viterbi/01/kyletsen/EE577b/Project/cmp/design/ha.v
/home/viterbi/01/kyletsen/EE577b/Project/cmp/design/divider.v
/home/viterbi/01/kyletsen/EE577b/Project/cmp/design/rooter.v
/home/viterbi/01/kyletsen/EE577b/Project/cmp/design/rotator.v
/home/viterbi/01/kyletsen/EE577b/Project/cmp/design/shifter.v
/home/viterbi/01/kyletsen/EE577b/Project/cmp/design/hdu.v
/home/viterbi/01/kyletsen/EE577b/Project/cmp/design/cardinal_nic.v
/home/viterbi/01/kyletsen/EE577b/Project/cmp/design/cardinal_ring.v
/home/viterbi/01/kyletsen/EE577b/Project/cmp/design/gold_router.v
/home/viterbi/01/kyletsen/EE577b/Project/cmp/design/input_handler.v
/home/viterbi/01/kyletsen/EE577b/Project/cmp/design/output_handler.v
/home/viterbi/01/kyletsen/EE577b/Project/cmp/design/rte_handler.v
/home/viterbi/01/kyletsen/synopsys_cache_K-2015.06-SP5-5/DW01/DW_cmp/apparch/2/gscl45nm_7710/8167_4704/mapped.ddc
/home/viterbi/01/kyletsen/synopsys_cache_K-2015.06-SP5-5/DW01/DW01_add/rpl/4/gscl45nm_7710/element.ddc
